<?xml version="1.0" encoding="utf-8" standalone="no"?>
<test-run id="2" testcasecount="20" result="Passed" total="1" passed="1" failed="0" inconclusive="0" skipped="0" asserts="1" engine-version="3.8.0.0" clr-version="4.0.30319.42000" start-time="2018-03-07 23:29:22Z" end-time="2018-03-07 23:29:33Z" duration="10.990526">
  <command-line><![CDATA["C:/Automation/selenium-automation-sample-driver/tools/NUnit.ConsoleRunner.3.8.0/tools/nunit3-console.exe" "C:/Automation/selenium-automation-sample-driver/SeleniumFrameworkV2Sample/bin/Debug/SeleniumFrameworkV2Sample.dll" --where "cat==SampleTest" "--result=C:/Automation/selenium-automation-sample-driver/build-tools/test-results/result.xml"]]></command-line>
  <filter>
    <cat>SampleTest</cat>
  </filter>
  <test-suite type="Assembly" id="0-1031" name="SeleniumFrameworkV2Sample.dll" fullname="C:\Automation\selenium-automation-sample-driver\SeleniumFrameworkV2Sample\bin\Debug\SeleniumFrameworkV2Sample.dll" runstate="Runnable" testcasecount="20" result="Passed" start-time="2018-03-07 23:29:22Z" end-time="2018-03-07 23:29:33Z" duration="10.231299" total="1" passed="1" failed="0" warnings="0" inconclusive="0" skipped="0" asserts="1">
    <environment framework-version="3.9.0.0" clr-version="4.0.30319.42000" os-version="Microsoft Windows NT 10.0.15063.0" platform="Win32NT" cwd="C:\Automation\selenium-automation-sample-driver" machine-name="W-DN-PL-MBADYEL" user="mbadyelkhan" user-domain="SCNETI" culture="en-US" uiculture="en-US" os-architecture="x64" />
    <settings>
      <setting name="DisposeRunners" value="True" />
      <setting name="WorkDirectory" value="C:\Automation\selenium-automation-sample-driver" />
      <setting name="ImageRuntimeVersion" value="4.0.30319" />
      <setting name="ImageTargetFrameworkName" value=".NETFramework,Version=v4.6.1" />
      <setting name="ImageRequiresX86" value="False" />
      <setting name="ImageRequiresDefaultAppDomainAssemblyResolver" value="False" />
      <setting name="NumberOfTestWorkers" value="4" />
    </settings>
    <properties>
      <property name="_PID" value="17596" />
      <property name="_APPDOMAIN" value="domain-" />
    </properties>
    <test-suite type="TestSuite" id="0-1032" name="SeleniumFrameworkV2Sample" fullname="SeleniumFrameworkV2Sample" runstate="Runnable" testcasecount="20" result="Passed" start-time="2018-03-07 23:29:22Z" end-time="2018-03-07 23:29:33Z" duration="10.202767" total="1" passed="1" failed="0" warnings="0" inconclusive="0" skipped="0" asserts="1">
      <properties />
      <test-suite type="TestFixture" id="0-1028" name="ProviderProfileTests" fullname="SeleniumFrameworkV2Sample.ProviderProfileTests" classname="SeleniumFrameworkV2Sample.ProviderProfileTests" runstate="Runnable" testcasecount="1" result="Passed" start-time="2018-03-07 23:29:22Z" end-time="2018-03-07 23:29:33Z" duration="10.194798" total="1" passed="1" failed="0" warnings="0" inconclusive="0" skipped="0" asserts="1">
        <properties />
        <test-case id="0-1029" name="AssertVideoDisplaysOnProviderProfilePg" fullname="SeleniumFrameworkV2Sample.ProviderProfileTests.AssertVideoDisplaysOnProviderProfilePg" methodname="AssertVideoDisplaysOnProviderProfilePg" classname="SeleniumFrameworkV2Sample.ProviderProfileTests" runstate="Runnable" seed="725282259" result="Passed" start-time="2018-03-07 23:29:22Z" end-time="2018-03-07 23:29:33Z" duration="10.175656" asserts="1">
          <properties>
            <property name="Category" value="SampleTest" />
          </properties>
          <output><![CDATA[>>> CONFIGURATION_FILE: 
--@@@@@ Current directory: C:\Automation\selenium-automation-sample-driver
]]></output>
        </test-case>
      </test-suite>
    </test-suite>
  </test-suite>
</test-run>